Build started 2011-06-22 20:14:02.
     1>Project "D:\sparrow\library\library.vcxproj" on node 2 (rebuild target(s)).
     1>_PrepareForClean:
         Deleting file "Release\library.lastbuildstate".
       InitializeBuildStatus:
         Creating "Release\library.unsuccessfulbuild" because "AlwaysCreate" was specified.
       ClCompile:
         C:\Program Files (x86)\Microsoft Visual Studio 10.0\VC\bin\CL.exe /c /Zi /nologo /W3 /WX- /O1 /Oi /Os /Oy- /GL /D TARGET_WINDOWS /D _MBCS /GF /Gm- /MT /GS /Gy /fp:fast /Zc:wchar_t /Zc:forScope /GR- /Fo"Release\\" /Fd"Release\vc100.pdb" /Gd /TP /analyze- /errorReport:prompt memory.cpp math.cpp opengl.cpp script.cpp streams.cpp threads.cpp utilities.cpp config.cpp
         memory.cpp
         math.cpp
         opengl.cpp
         script.cpp
         streams.cpp
         threads.cpp
         utilities.cpp
         config.cpp
       Lib:
         C:\Program Files (x86)\Microsoft Visual Studio 10.0\VC\bin\Lib.exe /OUT:"D:\sparrow\Release\library.lib" /NOLOGO /LTCG Release\memory.obj
         Release\math.obj
         Release\opengl.obj
         Release\script.obj
         Release\streams.obj
         Release\threads.obj
         Release\utilities.obj
         Release\config.obj
         library.vcxproj -> D:\sparrow\Release\library.lib
       FinalizeBuildStatus:
         Deleting file "Release\library.unsuccessfulbuild".
         Touching "Release\library.lastbuildstate".
     1>Done Building Project "D:\sparrow\library\library.vcxproj" (rebuild target(s)).

Build succeeded.

Time Elapsed 00:00:03.52
