d:\sparrow\library\debug\debug.obj
d:\sparrow\library\debug\memory.obj
d:\sparrow\library\debug\streams.obj
d:\sparrow\library\debug\string.obj
d:\sparrow\library\debug\threads.obj
d:\sparrow\library\debug\utilities.obj
d:\sparrow\library\debug\config.obj
d:\sparrow\library\debug\vector.obj
d:\sparrow\library\debug\vc100.pdb
d:\sparrow\library\debug\math.obj
d:\sparrow\library\debug\opengl.obj
d:\sparrow\library\debug\script.obj
d:\sparrow\debug\library.lib
f:\[08-08-11]\sparrow\library\debug\config.obj
f:\[08-08-11]\sparrow\library\debug\opengl.obj
f:\[08-08-11]\sparrow\library\debug\script.obj
f:\[08-08-11]\sparrow\library\debug\cl.command.1.tlog
f:\[08-08-11]\sparrow\library\debug\cl.read.1.tlog
f:\[08-08-11]\sparrow\library\debug\cl.write.1.tlog
f:\[08-08-11]\sparrow\library\debug\lib-link.read.1.tlog
f:\[08-08-11]\sparrow\library\debug\lib-link.write.1.tlog
f:\[08-08-11]\sparrow\library\debug\lib.command.1.tlog
f:\[08-08-11]\sparrow\library\debug\vc100.idb
f:\[08-08-11]\sparrow\library\debug\vc100.pdb
f:\[08-08-11]\sparrow\debug\library.lib
