Build started 2/16/2014 12:56:07 PM.
     1>Project "F:\[08-08-11]\sparrow\library\library.vcxproj" on node 2 (Build target(s)).
     1>ClCompile:
         C:\Program Files (x86)\Microsoft Visual Studio 12.0\VC\bin\CL.exe /c /ZI /nologo /W3 /WX- /Od /Os /Oy- /D WINDOWS32 /D DEBUG_CONFIG /GF /Gm /RTC1 /MTd /GS /fp:fast /Zc:wchar_t /Zc:forScope /GR- /Fo"Debug\\" /Fd"Debug\vc120.pdb" /Gd /TP /analyze- /errorReport:prompt config.cpp streams.cpp string.cpp threads.cpp utilities.cpp vector.cpp
         vector.cpp
     1>f:\[08-08-11]\sparrow\library\vector.cpp(11): error C3861: 'setLastError': identifier not found
     1>f:\[08-08-11]\sparrow\library\vector.cpp(17): error C3861: 'setLastError': identifier not found
     1>f:\[08-08-11]\sparrow\library\vector.cpp(33): error C3861: 'setLastError': identifier not found
     1>f:\[08-08-11]\sparrow\library\vector.cpp(39): error C3861: 'setLastError': identifier not found
     1>f:\[08-08-11]\sparrow\library\vector.cpp(56): error C3861: 'setLastError': identifier not found
     1>f:\[08-08-11]\sparrow\library\vector.cpp(62): error C3861: 'setLastError': identifier not found
     1>f:\[08-08-11]\sparrow\library\vector.cpp(79): error C3861: 'setLastError': identifier not found
     1>f:\[08-08-11]\sparrow\library\vector.cpp(85): error C3861: 'setLastError': identifier not found
     1>f:\[08-08-11]\sparrow\library\vector.cpp(101): error C3861: 'setLastError': identifier not found
     1>f:\[08-08-11]\sparrow\library\vector.cpp(107): error C3861: 'setLastError': identifier not found
     1>f:\[08-08-11]\sparrow\library\vector.cpp(124): error C3861: 'setLastError': identifier not found
     1>f:\[08-08-11]\sparrow\library\vector.cpp(130): error C3861: 'setLastError': identifier not found
     1>f:\[08-08-11]\sparrow\library\vector.cpp(146): error C3861: 'setLastError': identifier not found
     1>f:\[08-08-11]\sparrow\library\vector.cpp(152): error C3861: 'setLastError': identifier not found
     1>f:\[08-08-11]\sparrow\library\vector.cpp(168): error C3861: 'setLastError': identifier not found
     1>f:\[08-08-11]\sparrow\library\vector.cpp(174): error C3861: 'setLastError': identifier not found
         utilities.cpp
     1>f:\[08-08-11]\sparrow\library\utilities.cpp(211): error C2039: 'c_wstr' : is not a member of 'sparrow::string'
                 f:\[08-08-11]\sparrow\library\config.hpp(230) : see declaration of 'sparrow::string'
         threads.cpp
     1>f:\[08-08-11]\sparrow\library\threads.cpp(1): fatal error C1083: Cannot open include file: 'threads.hpp': No such file or directory
         string.cpp
     1>f:\[08-08-11]\sparrow\library\string.cpp(1085): error C3861: 'setLastError': identifier not found
     1>f:\[08-08-11]\sparrow\library\string.cpp(1148): error C3861: 'setLastError': identifier not found
     1>f:\[08-08-11]\sparrow\library\string.cpp(1150): error C3861: 'setLastError': identifier not found
     1>f:\[08-08-11]\sparrow\library\string.cpp(1166): error C3861: 'setLastError': identifier not found
     1>f:\[08-08-11]\sparrow\library\string.cpp(1168): error C3861: 'setLastError': identifier not found
     1>f:\[08-08-11]\sparrow\library\string.cpp(1286): error C3861: 'setLastError': identifier not found
     1>f:\[08-08-11]\sparrow\library\string.cpp(1298): error C3861: 'setLastError': identifier not found
         streams.cpp
     1>f:\[08-08-11]\sparrow\library\streams.cpp(34): error C3861: 'setLastError': identifier not found
     1>f:\[08-08-11]\sparrow\library\streams.cpp(39): error C2039: 'c_wstr' : is not a member of 'sparrow::string'
                 f:\[08-08-11]\sparrow\library\config.hpp(230) : see declaration of 'sparrow::string'
     1>f:\[08-08-11]\sparrow\library\streams.cpp(58): error C3861: 'setLastError': identifier not found
     1>f:\[08-08-11]\sparrow\library\streams.cpp(82): error C3861: 'fptr': identifier not found
     1>f:\[08-08-11]\sparrow\library\streams.cpp(91): error C3861: 'fptr': identifier not found
     1>f:\[08-08-11]\sparrow\library\streams.cpp(125): error C3861: 'setLastError': identifier not found
     1>f:\[08-08-11]\sparrow\library\streams.cpp(130): error C3861: 'setLastError': identifier not found
     1>f:\[08-08-11]\sparrow\library\streams.cpp(144): error C3861: 'setLastError': identifier not found
     1>f:\[08-08-11]\sparrow\library\streams.cpp(150): error C3861: 'setLastError': identifier not found
     1>f:\[08-08-11]\sparrow\library\streams.cpp(163): error C3861: 'setLastError': identifier not found
     1>f:\[08-08-11]\sparrow\library\streams.cpp(168): error C3861: 'setLastError': identifier not found
     1>f:\[08-08-11]\sparrow\library\streams.cpp(182): error C3861: 'setLastError': identifier not found
     1>f:\[08-08-11]\sparrow\library\streams.cpp(188): error C3861: 'setLastError': identifier not found
     1>f:\[08-08-11]\sparrow\library\streams.cpp(201): error C3861: 'setLastError': identifier not found
     1>f:\[08-08-11]\sparrow\library\streams.cpp(206): error C3861: 'setLastError': identifier not found
     1>f:\[08-08-11]\sparrow\library\streams.cpp(220): error C3861: 'setLastError': identifier not found
     1>f:\[08-08-11]\sparrow\library\streams.cpp(226): error C3861: 'setLastError': identifier not found
     1>f:\[08-08-11]\sparrow\library\streams.cpp(239): error C3861: 'setLastError': identifier not found
     1>f:\[08-08-11]\sparrow\library\streams.cpp(244): error C3861: 'setLastError': identifier not found
     1>f:\[08-08-11]\sparrow\library\streams.cpp(258): error C3861: 'setLastError': identifier not found
     1>f:\[08-08-11]\sparrow\library\streams.cpp(264): error C3861: 'setLastError': identifier not found
     1>f:\[08-08-11]\sparrow\library\streams.cpp(277): error C3861: 'setLastError': identifier not found
     1>f:\[08-08-11]\sparrow\library\streams.cpp(282): error C3861: 'setLastError': identifier not found
     1>f:\[08-08-11]\sparrow\library\streams.cpp(296): error C3861: 'setLastError': identifier not found
     1>f:\[08-08-11]\sparrow\library\streams.cpp(302): error C3861: 'setLastError': identifier not found
     1>f:\[08-08-11]\sparrow\library\streams.cpp(315): error C3861: 'setLastError': identifier not found
     1>f:\[08-08-11]\sparrow\library\streams.cpp(320): error C3861: 'setLastError': identifier not found
     1>f:\[08-08-11]\sparrow\library\streams.cpp(334): error C3861: 'setLastError': identifier not found
     1>f:\[08-08-11]\sparrow\library\streams.cpp(340): error C3861: 'setLastError': identifier not found
     1>f:\[08-08-11]\sparrow\library\streams.cpp(353): error C3861: 'setLastError': identifier not found
     1>f:\[08-08-11]\sparrow\library\streams.cpp(358): error C3861: 'setLastError': identifier not found
     1>f:\[08-08-11]\sparrow\library\streams.cpp(372): error C3861: 'setLastError': identifier not found
     1>f:\[08-08-11]\sparrow\library\streams.cpp(378): error C3861: 'setLastError': identifier not found
     1>f:\[08-08-11]\sparrow\library\streams.cpp(391): error C3861: 'setLastError': identifier not found
     1>f:\[08-08-11]\sparrow\library\streams.cpp(396): error C3861: 'setLastError': identifier not found
     1>f:\[08-08-11]\sparrow\library\streams.cpp(410): error C3861: 'setLastError': identifier not found
     1>f:\[08-08-11]\sparrow\library\streams.cpp(416): error C3861: 'setLastError': identifier not found
     1>f:\[08-08-11]\sparrow\library\streams.cpp(429): error C3861: 'setLastError': identifier not found
     1>f:\[08-08-11]\sparrow\library\streams.cpp(434): error C3861: 'setLastError': identifier not found
     1>f:\[08-08-11]\sparrow\library\streams.cpp(448): error C3861: 'setLastError': identifier not found
     1>f:\[08-08-11]\sparrow\library\streams.cpp(454): error C3861: 'setLastError': identifier not found
     1>f:\[08-08-11]\sparrow\library\streams.cpp(467): error C3861: 'setLastError': identifier not found
     1>f:\[08-08-11]\sparrow\library\streams.cpp(472): error C3861: 'setLastError': identifier not found
     1>f:\[08-08-11]\sparrow\library\streams.cpp(486): error C3861: 'setLastError': identifier not found
     1>f:\[08-08-11]\sparrow\library\streams.cpp(492): error C3861: 'setLastError': identifier not found
     1>f:\[08-08-11]\sparrow\library\streams.cpp(505): error C3861: 'setLastError': identifier not found
     1>f:\[08-08-11]\sparrow\library\streams.cpp(510): error C3861: 'setLastError': identifier not found
     1>f:\[08-08-11]\sparrow\library\streams.cpp(525): error C3861: 'setLastError': identifier not found
     1>f:\[08-08-11]\sparrow\library\streams.cpp(531): error C3861: 'setLastError': identifier not found
     1>f:\[08-08-11]\sparrow\library\streams.cpp(549): error C3861: 'setLastError': identifier not found
     1>f:\[08-08-11]\sparrow\library\streams.cpp(555): error C3861: 'setLastError': identifier not found
     1>f:\[08-08-11]\sparrow\library\streams.cpp(569): error C3861: 'setLastError': identifier not found
     1>f:\[08-08-11]\sparrow\library\streams.cpp(575): error C3861: 'setLastError': identifier not found
     1>f:\[08-08-11]\sparrow\library\streams.cpp(589): error C3861: 'setLastError': identifier not found
     1>f:\[08-08-11]\sparrow\library\streams.cpp(595): error C3861: 'setLastError': identifier not found
     1>f:\[08-08-11]\sparrow\library\streams.cpp(609): error C3861: 'setLastError': identifier not found
     1>f:\[08-08-11]\sparrow\library\streams.cpp(615): error C3861: 'setLastError': identifier not found
     1>f:\[08-08-11]\sparrow\library\streams.cpp(629): error C3861: 'setLastError': identifier not found
     1>f:\[08-08-11]\sparrow\library\streams.cpp(635): error C3861: 'setLastError': identifier not found
     1>f:\[08-08-11]\sparrow\library\streams.cpp(649): error C3861: 'setLastError': identifier not found
     1>f:\[08-08-11]\sparrow\library\streams.cpp(655): error C3861: 'setLastError': identifier not found
     1>f:\[08-08-11]\sparrow\library\streams.cpp(688): error C3861: 'setLastError': identifier not found
     1>f:\[08-08-11]\sparrow\library\streams.cpp(693): error C3861: 'setLastError': identifier not found
     1>f:\[08-08-11]\sparrow\library\streams.cpp(711): error C3861: 'setLastError': identifier not found
     1>f:\[08-08-11]\sparrow\library\streams.cpp(717): error C3861: 'setLastError': identifier not found
     1>f:\[08-08-11]\sparrow\library\streams.cpp(735): error C3861: 'setLastError': identifier not found
     1>f:\[08-08-11]\sparrow\library\streams.cpp(752): error C3861: 'setLastError': identifier not found
     1>f:\[08-08-11]\sparrow\library\streams.cpp(757): error C3861: 'setLastError': identifier not found
     1>f:\[08-08-11]\sparrow\library\streams.cpp(785): error C3861: 'setLastError': identifier not found
     1>f:\[08-08-11]\sparrow\library\streams.cpp(790): error C3861: 'setLastError': identifier not found
         config.cpp
     1>f:\[08-08-11]\sparrow\library\config.cpp(16): error C2061: syntax error : identifier 'u32'
     1>f:\[08-08-11]\sparrow\library\config.cpp(17): error C2061: syntax error : identifier 'u32'
     1>f:\[08-08-11]\sparrow\library\config.cpp(21): error C2061: syntax error : identifier 'u32'
     1>f:\[08-08-11]\sparrow\library\config.cpp(23): error C2061: syntax error : identifier 'u32'
     1>f:\[08-08-11]\sparrow\library\config.cpp(24): error C2061: syntax error : identifier 'u32'
     1>f:\[08-08-11]\sparrow\library\config.cpp(25): error C2061: syntax error : identifier 'u32'
     1>f:\[08-08-11]\sparrow\library\config.cpp(26): error C2143: syntax error : missing ';' before '*'
     1>f:\[08-08-11]\sparrow\library\config.cpp(26): error C4430: missing type specifier - int assumed. Note: C++ does not support default-int
     1>f:\[08-08-11]\sparrow\library\config.cpp(27): error C2143: syntax error : missing ';' before '*'
     1>f:\[08-08-11]\sparrow\library\config.cpp(27): error C4430: missing type specifier - int assumed. Note: C++ does not support default-int
     1>f:\[08-08-11]\sparrow\library\config.cpp(28): error C2146: syntax error : missing ';' before identifier '_availableCount'
     1>f:\[08-08-11]\sparrow\library\config.cpp(28): error C4430: missing type specifier - int assumed. Note: C++ does not support default-int
     1>f:\[08-08-11]\sparrow\library\config.cpp(33): error C2061: syntax error : identifier 'u32'
     1>f:\[08-08-11]\sparrow\library\config.cpp(38): error C2146: syntax error : missing ';' before identifier '_size'
     1>f:\[08-08-11]\sparrow\library\config.cpp(38): error C4430: missing type specifier - int assumed. Note: C++ does not support default-int
     1>f:\[08-08-11]\sparrow\library\config.cpp(39): error C2146: syntax error : missing ';' before identifier '_capacity'
     1>f:\[08-08-11]\sparrow\library\config.cpp(39): error C4430: missing type specifier - int assumed. Note: C++ does not support default-int
     1>f:\[08-08-11]\sparrow\library\config.cpp(40): error C2146: syntax error : missing ';' before identifier '_blockSize'
     1>f:\[08-08-11]\sparrow\library\config.cpp(40): error C4430: missing type specifier - int assumed. Note: C++ does not support default-int
     1>f:\[08-08-11]\sparrow\library\config.cpp(41): error C2146: syntax error : missing ';' before identifier '_blockCount'
     1>f:\[08-08-11]\sparrow\library\config.cpp(41): error C4430: missing type specifier - int assumed. Note: C++ does not support default-int
     1>f:\[08-08-11]\sparrow\library\config.cpp(44): error C2146: syntax error : missing ';' before identifier '_mutex'
     1>f:\[08-08-11]\sparrow\library\config.cpp(44): error C4430: missing type specifier - int assumed. Note: C++ does not support default-int
     1>f:\[08-08-11]\sparrow\library\config.cpp(47): error C2061: syntax error : identifier 'u32'
     1>f:\[08-08-11]\sparrow\library\config.cpp(51): error C2992: 'Sirius::_StringAllocator::_Fixed' : invalid or missing template parameter list
                 f:\[08-08-11]\sparrow\library\config.cpp(47) : see declaration of 'Sirius::_StringAllocator::_Fixed'
     1>f:\[08-08-11]\sparrow\library\config.cpp(53): error C2079: 'Sirius::_StringAllocator::_fixed16' uses undefined struct 'Sirius::_StringAllocator::_Fixed'
     1>f:\[08-08-11]\sparrow\library\config.cpp(54): error C2079: 'Sirius::_StringAllocator::_fixed32' uses undefined struct 'Sirius::_StringAllocator::_Fixed'
     1>f:\[08-08-11]\sparrow\library\config.cpp(55): error C2079: 'Sirius::_StringAllocator::_fixed64' uses undefined struct 'Sirius::_StringAllocator::_Fixed'
     1>f:\[08-08-11]\sparrow\library\config.cpp(56): error C2079: 'Sirius::_StringAllocator::_fixed128' uses undefined struct 'Sirius::_StringAllocator::_Fixed'
     1>f:\[08-08-11]\sparrow\library\config.cpp(59): error C2146: syntax error : missing ';' before identifier '_stringHash'
     1>f:\[08-08-11]\sparrow\library\config.cpp(59): error C4430: missing type specifier - int assumed. Note: C++ does not support default-int
     1>f:\[08-08-11]\sparrow\library\config.cpp(59): error C2143: syntax error : missing ',' before '*'
     1>f:\[08-08-11]\sparrow\library\config.cpp(60): error C4430: missing type specifier - int assumed. Note: C++ does not support default-int
     1>f:\[08-08-11]\sparrow\library\config.cpp(61): error C2146: syntax error : missing ';' before identifier 'c'
     1>f:\[08-08-11]\sparrow\library\config.cpp(61): error C2065: 'c' : undeclared identifier
     1>f:\[08-08-11]\sparrow\library\config.cpp(61): error C2065: 'hash' : undeclared identifier
     1>f:\[08-08-11]\sparrow\library\config.cpp(62): error C2065: 'ptr' : undeclared identifier
     1>f:\[08-08-11]\sparrow\library\config.cpp(63): error C2065: 'c' : undeclared identifier
     1>f:\[08-08-11]\sparrow\library\config.cpp(63): error C2065: 'ptr' : undeclared identifier
     1>f:\[08-08-11]\sparrow\library\config.cpp(63): fatal error C1903: unable to recover from previous error(s); stopping compilation
         Generating Code...
     1>Done Building Project "F:\[08-08-11]\sparrow\library\library.vcxproj" (Build target(s)) -- FAILED.

Build FAILED.

Time Elapsed 00:00:03.97
