d:\sparrow\appgame\debug\main.obj
d:\sparrow\appgame\debug\vc100.pdb
d:\sparrow\appgame\debug\ghost.obj
d:\sparrow\appgame\debug\object.obj
d:\sparrow\appgame\debug\point.obj
d:\sparrow\appgame\debug\wall.obj
d:\sparrow\appgame\debug\pacman.obj
d:\sparrow\appgame\debug\gameobject.obj
d:\sparrow\appgame\debug\highscores.obj
d:\sparrow\appgame\debug\levelstage.obj
d:\sparrow\appgame\debug\loadgame.obj
d:\sparrow\appgame\debug\mainmenu.obj
d:\sparrow\appgame\debug\options.obj
c:\users\wojciech\desktop\appgame\appgame.ilk
c:\users\wojciech\desktop\appgame\appgame.exe
d:\sparrow\appgame\debug\appgame.exe.intermediate.manifest
c:\users\wojciech\desktop\appgame\appgame.pdb
f:\[08-08-11]\sparrow\appgame\debug\vc120.pdb
f:\[08-08-11]\sparrow\appgame\debug\vc120.idb
f:\[08-08-11]\sparrow\appgame\debug\main.obj
f:\[08-08-11]\sparrow\appgame\debug\gameobject.obj
f:\[08-08-11]\sparrow\appgame\debug\ghost.obj
f:\[08-08-11]\sparrow\appgame\debug\highscores.obj
f:\[08-08-11]\sparrow\appgame\debug\levelstage.obj
f:\[08-08-11]\sparrow\appgame\debug\loadgame.obj
f:\[08-08-11]\sparrow\appgame\debug\mainmenu.obj
f:\[08-08-11]\sparrow\appgame\debug\object.obj
f:\[08-08-11]\sparrow\appgame\debug\options.obj
f:\[08-08-11]\sparrow\appgame\debug\pacman.obj
f:\[08-08-11]\sparrow\appgame\debug\point.obj
f:\[08-08-11]\sparrow\appgame\debug\wall.obj
f:\[08-08-11]\sparrow\appgame\debug\cl.command.1.tlog
f:\[08-08-11]\sparrow\appgame\debug\cl.read.1.tlog
f:\[08-08-11]\sparrow\appgame\debug\cl.write.1.tlog
f:\[08-08-11]\sparrow\appgame\debug\link.command.1.tlog
f:\[08-08-11]\sparrow\appgame\debug\link.read.1.tlog
f:\[08-08-11]\sparrow\appgame\debug\link.write.1.tlog
f:\[08-08-11]\sparrow\appgame\debug\mt.command.1.tlog
f:\[08-08-11]\sparrow\appgame\debug\mt.read.1.tlog
f:\[08-08-11]\sparrow\appgame\debug\mt.write.1.tlog
f:\[08-08-11]\sparrow\appgame\debug\appgame.exe.intermediate.manifest
f:\[08-08-11]\sparrow\appgame\debug\vc100.idb
f:\[08-08-11]\sparrow\appgame\debug\vc100.pdb
f:\[08-08-11]\sparrow\appgame\debug\appgame.tlog\cl.read.1.tlog
f:\[08-08-11]\sparrow\appgame\debug\appgame.tlog\cl.write.1.tlog
f:\[08-08-11]\sparrow\appgame\debug\appgame.tlog\cl.command.1.tlog
f:\[08-08-11]\sparrow\appgame\debug\appgame.tlog\link.read.1.tlog
f:\[08-08-11]\sparrow\appgame\debug\appgame.tlog\link.write.1.tlog
f:\[08-08-11]\sparrow\appgame\debug\appgame.tlog\link.command.1.tlog
