Build started 2011-06-22 20:14:32.
     1>Project "D:\sparrow\appgame\appgame.vcxproj" on node 3 (build target(s)).
     1>InitializeBuildStatus:
         Touching "Release\appgame.unsuccessfulbuild".
       ClCompile:
         All outputs are up-to-date.
       Link:
         C:\Program Files (x86)\Microsoft Visual Studio 10.0\VC\bin\link.exe /ERRORREPORT:PROMPT /OUT:"C:\Users\Wojciech\Desktop\appgame\appgame.exe" /NOLOGO /LIBPATH:D:\sparrow\Release kernel32.lib user32.lib gdi32.lib winspool.lib comdlg32.lib advapi32.lib shell32.lib ole32.lib oleaut32.lib uuid.lib odbc32.lib odbccp32.lib /MANIFEST /ManifestFile:"Release\appgame.exe.intermediate.manifest" /MANIFESTUAC:"level='asInvoker' uiAccess='false'" /DEBUG /PDB:"C:\Users\Wojciech\Desktop\appgame\appgame.pdb" /OPT:REF /OPT:ICF /LTCG /TLBID:1 /DYNAMICBASE /NXCOMPAT /IMPLIB:"C:\Users\Wojciech\Desktop\appgame\appgame.lib" /MACHINE:X86 Release\GameObject.obj
         Release\Ghost.obj
         Release\HighScores.obj
         Release\LevelStage.obj
         Release\LoadGame.obj
         Release\main.obj
         Release\MainMenu.obj
         Release\Object.obj
         Release\Options.obj
         Release\Pacman.obj
         Release\Point.obj
         Release\Wall.obj
         Generating code
         Finished generating code
         appgame.vcxproj -> C:\Users\Wojciech\Desktop\appgame\appgame.exe
       Manifest:
         C:\Program Files (x86)\Microsoft SDKs\Windows\v7.0A\bin\mt.exe /nologo /verbose /outputresource:"C:\Users\Wojciech\Desktop\appgame\appgame.exe;#1" /manifest Release\appgame.exe.intermediate.manifest
       FinalizeBuildStatus:
         Deleting file "Release\appgame.unsuccessfulbuild".
         Touching "Release\appgame.lastbuildstate".
     1>Done Building Project "D:\sparrow\appgame\appgame.vcxproj" (build target(s)).

Build succeeded.

Time Elapsed 00:00:03.61
