C:\USERS\WOJCIECH\DESKTOP\APPGAME\APPGAME.EXE
C:\Users\Wojciech\Desktop\appgame\appgame.ilk
C:\Users\Wojciech\Desktop\appgame\appgame.pdb
D:\sparrow\appgame\Release\appgame.exe.intermediate.manifest
D:\sparrow\appgame\Release\cl.command.1.tlog
D:\sparrow\appgame\Release\CL.read.1.tlog
D:\sparrow\appgame\Release\CL.write.1.tlog
D:\SPARROW\APPGAME\RELEASE\GAMEOBJECT.OBJ
D:\SPARROW\APPGAME\RELEASE\GHOST.OBJ
D:\SPARROW\APPGAME\RELEASE\HIGHSCORES.OBJ
D:\SPARROW\APPGAME\RELEASE\LEVELSTAGE.OBJ
D:\sparrow\appgame\Release\link.command.1.tlog
D:\sparrow\appgame\Release\link.read.1.tlog
D:\sparrow\appgame\Release\link.write.1.tlog
D:\SPARROW\APPGAME\RELEASE\LOADGAME.OBJ
D:\SPARROW\APPGAME\RELEASE\MAIN.OBJ
D:\SPARROW\APPGAME\RELEASE\MAINMENU.OBJ
D:\sparrow\appgame\Release\mt.command.1.tlog
D:\sparrow\appgame\Release\mt.read.1.tlog
D:\sparrow\appgame\Release\mt.write.1.tlog
D:\SPARROW\APPGAME\RELEASE\OBJECT.OBJ
D:\SPARROW\APPGAME\RELEASE\OPTIONS.OBJ
D:\SPARROW\APPGAME\RELEASE\PACMAN.OBJ
D:\SPARROW\APPGAME\RELEASE\POINT.OBJ
D:\SPARROW\APPGAME\RELEASE\VC100.PDB
D:\SPARROW\APPGAME\RELEASE\WALL.OBJ
D:\SPARROW\RELEASE\APPGAME.EXE
